<?xml version="1.0" encoding="UTF-8"?>
<!-- Generated by org.testng.reporters.JUnitXMLReporter -->
<testsuite ignored="0" hostname="Mansoor" failures="0" tests="13" name="DashBoardTest" time="132.169" errors="0" timestamp="2026-06-06T16:19:24 IST">
  <testcase classname="tests.DashBoardTest" name="testDashBoardText" time="1.471"/>
  <testcase classname="tests.DashBoardTest" name="testSearchMenu" time="1.616"/>
  <testcase classname="tests.DashBoardTest" name="testAdminVisibility" time="2.709"/>
  <testcase classname="tests.DashBoardTest" name="testPIMvisibility" time="2.764"/>
  <testcase classname="tests.DashBoardTest" name="testLeaveVisibility" time="3.544"/>
  <testcase classname="tests.DashBoardTest" name="testTimeVisibility" time="3.003"/>
  <testcase classname="tests.DashBoardTest" name="testRecruitementVisibility" time="2.71"/>
  <testcase classname="tests.DashBoardTest" name="testMyInfoPage" time="3.087"/>
  <testcase classname="tests.DashBoardTest" name="testPerformanceVisibility" time="2.842"/>
  <testcase classname="tests.DashBoardTest" name="testDirectoryVisibility" time="2.424"/>
  <testcase classname="tests.DashBoardTest" name="testMaintainanceVisibility" time="3.325"/>
  <testcase classname="tests.DashBoardTest" name="testClaimVisibility" time="12.227"/>
  <testcase classname="tests.DashBoardTest" name="testBuzzVisibility" time="2.972"/>
</testsuite> <!-- DashBoardTest -->
