<?xml version="1.0" encoding="UTF-8"?>
<testng-results ignored="0" total="13" passed="13" failed="0" skipped="0">
  <reporter-output>
  </reporter-output>
  <suite started-at="2026-06-07T11:53:19 IST" name="Suite" finished-at="2026-06-07T11:55:32 IST" duration-ms="132821">
    <groups>
    </groups>
    <test started-at="2026-06-07T11:53:19 IST" name="DashBoardTest" finished-at="2026-06-07T11:55:32 IST" duration-ms="132821">
      <class name="tests.DashBoardTest">
        <test-method is-config="true" signature="setup()[pri:0, instance:tests.DashBoardTest@4f18837a]" started-at="2026-06-07T11:53:19 IST" name="setup" finished-at="2026-06-07T11:53:28 IST" duration-ms="8996" status="PASS">
          <reporter-output>
          </reporter-output>
        </test-method> <!-- setup -->
        <test-method signature="testDashBoardText()[pri:1, instance:tests.DashBoardTest@4f18837a]" started-at="2026-06-07T11:53:28 IST" name="testDashBoardText" finished-at="2026-06-07T11:53:30 IST" duration-ms="2081" status="PASS">
          <reporter-output>
          </reporter-output>
        </test-method> <!-- testDashBoardText -->
        <test-method is-config="true" signature="tearDown()[pri:0, instance:tests.DashBoardTest@4f18837a]" started-at="2026-06-07T11:53:30 IST" name="tearDown" finished-at="2026-06-07T11:53:30 IST" duration-ms="240" status="PASS">
          <reporter-output>
          </reporter-output>
        </test-method> <!-- tearDown -->
        <test-method is-config="true" signature="setup()[pri:0, instance:tests.DashBoardTest@4f18837a]" started-at="2026-06-07T11:53:30 IST" name="setup" finished-at="2026-06-07T11:53:36 IST" duration-ms="5663" status="PASS">
          <reporter-output>
          </reporter-output>
        </test-method> <!-- setup -->
        <test-method signature="testSearchMenu()[pri:2, instance:tests.DashBoardTest@4f18837a]" started-at="2026-06-07T11:53:36 IST" name="testSearchMenu" finished-at="2026-06-07T11:53:38 IST" duration-ms="2060" status="PASS">
          <reporter-output>
          </reporter-output>
        </test-method> <!-- testSearchMenu -->
        <test-method is-config="true" signature="tearDown()[pri:0, instance:tests.DashBoardTest@4f18837a]" started-at="2026-06-07T11:53:38 IST" name="tearDown" finished-at="2026-06-07T11:53:38 IST" duration-ms="221" status="PASS">
          <reporter-output>
          </reporter-output>
        </test-method> <!-- tearDown -->
        <test-method is-config="true" signature="setup()[pri:0, instance:tests.DashBoardTest@4f18837a]" started-at="2026-06-07T11:53:38 IST" name="setup" finished-at="2026-06-07T11:53:46 IST" duration-ms="7843" status="PASS">
          <reporter-output>
          </reporter-output>
        </test-method> <!-- setup -->
        <test-method signature="testAdminVisibility()[pri:3, instance:tests.DashBoardTest@4f18837a]" started-at="2026-06-07T11:53:46 IST" name="testAdminVisibility" finished-at="2026-06-07T11:53:49 IST" duration-ms="3283" status="PASS">
          <reporter-output>
          </reporter-output>
        </test-method> <!-- testAdminVisibility -->
        <test-method is-config="true" signature="tearDown()[pri:0, instance:tests.DashBoardTest@4f18837a]" started-at="2026-06-07T11:53:49 IST" name="tearDown" finished-at="2026-06-07T11:53:49 IST" duration-ms="217" status="PASS">
          <reporter-output>
          </reporter-output>
        </test-method> <!-- tearDown -->
        <test-method is-config="true" signature="setup()[pri:0, instance:tests.DashBoardTest@4f18837a]" started-at="2026-06-07T11:53:49 IST" name="setup" finished-at="2026-06-07T11:53:56 IST" duration-ms="6810" status="PASS">
          <reporter-output>
          </reporter-output>
        </test-method> <!-- setup -->
        <test-method signature="testPIMvisibility()[pri:4, instance:tests.DashBoardTest@4f18837a]" started-at="2026-06-07T11:53:56 IST" name="testPIMvisibility" finished-at="2026-06-07T11:54:00 IST" duration-ms="3606" status="PASS">
          <reporter-output>
          </reporter-output>
        </test-method> <!-- testPIMvisibility -->
        <test-method is-config="true" signature="tearDown()[pri:0, instance:tests.DashBoardTest@4f18837a]" started-at="2026-06-07T11:54:00 IST" name="tearDown" finished-at="2026-06-07T11:54:00 IST" duration-ms="241" status="PASS">
          <reporter-output>
          </reporter-output>
        </test-method> <!-- tearDown -->
        <test-method is-config="true" signature="setup()[pri:0, instance:tests.DashBoardTest@4f18837a]" started-at="2026-06-07T11:54:00 IST" name="setup" finished-at="2026-06-07T11:54:08 IST" duration-ms="7932" status="PASS">
          <reporter-output>
          </reporter-output>
        </test-method> <!-- setup -->
        <test-method signature="testLeaveVisibility()[pri:5, instance:tests.DashBoardTest@4f18837a]" started-at="2026-06-07T11:54:08 IST" name="testLeaveVisibility" finished-at="2026-06-07T11:54:11 IST" duration-ms="3477" status="PASS">
          <reporter-output>
          </reporter-output>
        </test-method> <!-- testLeaveVisibility -->
        <test-method is-config="true" signature="tearDown()[pri:0, instance:tests.DashBoardTest@4f18837a]" started-at="2026-06-07T11:54:11 IST" name="tearDown" finished-at="2026-06-07T11:54:12 IST" duration-ms="240" status="PASS">
          <reporter-output>
          </reporter-output>
        </test-method> <!-- tearDown -->
        <test-method is-config="true" signature="setup()[pri:0, instance:tests.DashBoardTest@4f18837a]" started-at="2026-06-07T11:54:12 IST" name="setup" finished-at="2026-06-07T11:54:22 IST" duration-ms="10362" status="PASS">
          <reporter-output>
          </reporter-output>
        </test-method> <!-- setup -->
        <test-method signature="testTimeVisibility()[pri:6, instance:tests.DashBoardTest@4f18837a]" started-at="2026-06-07T11:54:22 IST" name="testTimeVisibility" finished-at="2026-06-07T11:54:26 IST" duration-ms="3726" status="PASS">
          <reporter-output>
          </reporter-output>
        </test-method> <!-- testTimeVisibility -->
        <test-method is-config="true" signature="tearDown()[pri:0, instance:tests.DashBoardTest@4f18837a]" started-at="2026-06-07T11:54:26 IST" name="tearDown" finished-at="2026-06-07T11:54:26 IST" duration-ms="222" status="PASS">
          <reporter-output>
          </reporter-output>
        </test-method> <!-- tearDown -->
        <test-method is-config="true" signature="setup()[pri:0, instance:tests.DashBoardTest@4f18837a]" started-at="2026-06-07T11:54:26 IST" name="setup" finished-at="2026-06-07T11:54:32 IST" duration-ms="6348" status="PASS">
          <reporter-output>
          </reporter-output>
        </test-method> <!-- setup -->
        <test-method signature="testRecruitementVisibility()[pri:7, instance:tests.DashBoardTest@4f18837a]" started-at="2026-06-07T11:54:32 IST" name="testRecruitementVisibility" finished-at="2026-06-07T11:54:36 IST" duration-ms="3398" status="PASS">
          <reporter-output>
          </reporter-output>
        </test-method> <!-- testRecruitementVisibility -->
        <test-method is-config="true" signature="tearDown()[pri:0, instance:tests.DashBoardTest@4f18837a]" started-at="2026-06-07T11:54:36 IST" name="tearDown" finished-at="2026-06-07T11:54:36 IST" duration-ms="207" status="PASS">
          <reporter-output>
          </reporter-output>
        </test-method> <!-- tearDown -->
        <test-method is-config="true" signature="setup()[pri:0, instance:tests.DashBoardTest@4f18837a]" started-at="2026-06-07T11:54:36 IST" name="setup" finished-at="2026-06-07T11:54:40 IST" duration-ms="4261" status="PASS">
          <reporter-output>
          </reporter-output>
        </test-method> <!-- setup -->
        <test-method signature="testMyInfoPage()[pri:8, instance:tests.DashBoardTest@4f18837a]" started-at="2026-06-07T11:54:40 IST" name="testMyInfoPage" finished-at="2026-06-07T11:54:44 IST" duration-ms="3651" status="PASS">
          <reporter-output>
          </reporter-output>
        </test-method> <!-- testMyInfoPage -->
        <test-method is-config="true" signature="tearDown()[pri:0, instance:tests.DashBoardTest@4f18837a]" started-at="2026-06-07T11:54:44 IST" name="tearDown" finished-at="2026-06-07T11:54:44 IST" duration-ms="218" status="PASS">
          <reporter-output>
          </reporter-output>
        </test-method> <!-- tearDown -->
        <test-method is-config="true" signature="setup()[pri:0, instance:tests.DashBoardTest@4f18837a]" started-at="2026-06-07T11:54:44 IST" name="setup" finished-at="2026-06-07T11:54:50 IST" duration-ms="5856" status="PASS">
          <reporter-output>
          </reporter-output>
        </test-method> <!-- setup -->
        <test-method signature="testPerformanceVisibility()[pri:9, instance:tests.DashBoardTest@4f18837a]" started-at="2026-06-07T11:54:50 IST" name="testPerformanceVisibility" finished-at="2026-06-07T11:54:54 IST" duration-ms="3537" status="PASS">
          <reporter-output>
          </reporter-output>
        </test-method> <!-- testPerformanceVisibility -->
        <test-method is-config="true" signature="tearDown()[pri:0, instance:tests.DashBoardTest@4f18837a]" started-at="2026-06-07T11:54:54 IST" name="tearDown" finished-at="2026-06-07T11:54:54 IST" duration-ms="226" status="PASS">
          <reporter-output>
          </reporter-output>
        </test-method> <!-- tearDown -->
        <test-method is-config="true" signature="setup()[pri:0, instance:tests.DashBoardTest@4f18837a]" started-at="2026-06-07T11:54:54 IST" name="setup" finished-at="2026-06-07T11:54:58 IST" duration-ms="4233" status="PASS">
          <reporter-output>
          </reporter-output>
        </test-method> <!-- setup -->
        <test-method signature="testDirectoryVisibility()[pri:10, instance:tests.DashBoardTest@4f18837a]" started-at="2026-06-07T11:54:58 IST" name="testDirectoryVisibility" finished-at="2026-06-07T11:55:01 IST" duration-ms="3208" status="PASS">
          <reporter-output>
          </reporter-output>
        </test-method> <!-- testDirectoryVisibility -->
        <test-method is-config="true" signature="tearDown()[pri:0, instance:tests.DashBoardTest@4f18837a]" started-at="2026-06-07T11:55:01 IST" name="tearDown" finished-at="2026-06-07T11:55:01 IST" duration-ms="248" status="PASS">
          <reporter-output>
          </reporter-output>
        </test-method> <!-- tearDown -->
        <test-method is-config="true" signature="setup()[pri:0, instance:tests.DashBoardTest@4f18837a]" started-at="2026-06-07T11:55:01 IST" name="setup" finished-at="2026-06-07T11:55:08 IST" duration-ms="6156" status="PASS">
          <reporter-output>
          </reporter-output>
        </test-method> <!-- setup -->
        <test-method signature="testMaintainanceVisibility()[pri:11, instance:tests.DashBoardTest@4f18837a]" started-at="2026-06-07T11:55:08 IST" name="testMaintainanceVisibility" finished-at="2026-06-07T11:55:11 IST" duration-ms="3428" status="PASS">
          <reporter-output>
          </reporter-output>
        </test-method> <!-- testMaintainanceVisibility -->
        <test-method is-config="true" signature="tearDown()[pri:0, instance:tests.DashBoardTest@4f18837a]" started-at="2026-06-07T11:55:11 IST" name="tearDown" finished-at="2026-06-07T11:55:11 IST" duration-ms="241" status="PASS">
          <reporter-output>
          </reporter-output>
        </test-method> <!-- tearDown -->
        <test-method is-config="true" signature="setup()[pri:0, instance:tests.DashBoardTest@4f18837a]" started-at="2026-06-07T11:55:11 IST" name="setup" finished-at="2026-06-07T11:55:18 IST" duration-ms="6709" status="PASS">
          <reporter-output>
          </reporter-output>
        </test-method> <!-- setup -->
        <test-method signature="testClaimVisibility()[pri:12, instance:tests.DashBoardTest@4f18837a]" started-at="2026-06-07T11:55:18 IST" name="testClaimVisibility" finished-at="2026-06-07T11:55:21 IST" duration-ms="3407" status="PASS">
          <reporter-output>
          </reporter-output>
        </test-method> <!-- testClaimVisibility -->
        <test-method is-config="true" signature="tearDown()[pri:0, instance:tests.DashBoardTest@4f18837a]" started-at="2026-06-07T11:55:21 IST" name="tearDown" finished-at="2026-06-07T11:55:22 IST" duration-ms="212" status="PASS">
          <reporter-output>
          </reporter-output>
        </test-method> <!-- tearDown -->
        <test-method is-config="true" signature="setup()[pri:0, instance:tests.DashBoardTest@4f18837a]" started-at="2026-06-07T11:55:22 IST" name="setup" finished-at="2026-06-07T11:55:28 IST" duration-ms="6622" status="PASS">
          <reporter-output>
          </reporter-output>
        </test-method> <!-- setup -->
        <test-method signature="testBuzzVisibility()[pri:13, instance:tests.DashBoardTest@4f18837a]" started-at="2026-06-07T11:55:28 IST" name="testBuzzVisibility" finished-at="2026-06-07T11:55:31 IST" duration-ms="3140" status="PASS">
          <reporter-output>
          </reporter-output>
        </test-method> <!-- testBuzzVisibility -->
        <test-method is-config="true" signature="tearDown()[pri:0, instance:tests.DashBoardTest@4f18837a]" started-at="2026-06-07T11:55:31 IST" name="tearDown" finished-at="2026-06-07T11:55:32 IST" duration-ms="209" status="PASS">
          <reporter-output>
          </reporter-output>
        </test-method> <!-- tearDown -->
      </class> <!-- tests.DashBoardTest -->
    </test> <!-- DashBoardTest -->
  </suite> <!-- Suite -->
</testng-results>
