<?xml version="1.0" encoding="UTF-8"?>
<!-- Generated by org.testng.reporters.JUnitReportReporter -->
<testsuite hostname="Mansoor" failures="0" tests="13" name="tests.DashBoardTest" time="132.098" errors="0" timestamp="2026-06-06T16:19:24 IST" skipped="0">
  <testcase classname="tests.DashBoardTest" name="testDashBoardText" time="6.864"/>
  <testcase classname="tests.DashBoardTest" name="testSearchMenu" time="5.656"/>
  <testcase classname="tests.DashBoardTest" name="testAdminVisibility" time="8.074"/>
  <testcase classname="tests.DashBoardTest" name="testPIMvisibility" time="6.923"/>
  <testcase classname="tests.DashBoardTest" name="testLeaveVisibility" time="9.067"/>
  <testcase classname="tests.DashBoardTest" name="testTimeVisibility" time="7.323"/>
  <testcase classname="tests.DashBoardTest" name="testRecruitementVisibility" time="6.967"/>
  <testcase classname="tests.DashBoardTest" name="testMyInfoPage" time="7.570"/>
  <testcase classname="tests.DashBoardTest" name="testPerformanceVisibility" time="9.335"/>
  <testcase classname="tests.DashBoardTest" name="testDirectoryVisibility" time="8.293"/>
  <testcase classname="tests.DashBoardTest" name="testMaintainanceVisibility" time="8.871"/>
  <testcase classname="tests.DashBoardTest" name="testClaimVisibility" time="19.868"/>
  <testcase classname="tests.DashBoardTest" name="testBuzzVisibility" time="27.287"/>
</testsuite> <!-- tests.DashBoardTest -->
