<?xml version="1.0" encoding="UTF-8"?>
<!-- Generated by org.testng.reporters.JUnitReportReporter -->
<testsuite hostname="Mubarak" failures="0" tests="13" name="tests.DashBoardTest" time="258.844" errors="0" timestamp="2026-06-07T13:52:28 IST" skipped="0">
  <testcase classname="tests.DashBoardTest" name="testDashBoardText" time="8.978"/>
  <testcase classname="tests.DashBoardTest" name="testSearchMenu" time="11.474"/>
  <testcase classname="tests.DashBoardTest" name="testAdminVisibility" time="9.938"/>
  <testcase classname="tests.DashBoardTest" name="testPIMvisibility" time="9.907"/>
  <testcase classname="tests.DashBoardTest" name="testLeaveVisibility" time="17.990"/>
  <testcase classname="tests.DashBoardTest" name="testTimeVisibility" time="22.723"/>
  <testcase classname="tests.DashBoardTest" name="testRecruitementVisibility" time="22.730"/>
  <testcase classname="tests.DashBoardTest" name="testMyInfoPage" time="24.036"/>
  <testcase classname="tests.DashBoardTest" name="testPerformanceVisibility" time="30.090"/>
  <testcase classname="tests.DashBoardTest" name="testDirectoryVisibility" time="24.967"/>
  <testcase classname="tests.DashBoardTest" name="testMaintainanceVisibility" time="26.049"/>
  <testcase classname="tests.DashBoardTest" name="testClaimVisibility" time="22.346"/>
  <testcase classname="tests.DashBoardTest" name="testBuzzVisibility" time="27.616"/>
</testsuite> <!-- tests.DashBoardTest -->
